<?xml version="1.0" encoding="UTF-8"?>
<testng-results ignored="0" total="2" passed="2" failed="0" skipped="0">
  <reporter-output>
  </reporter-output>
  <suite started-at="2023-08-29T10:31:26 IST" name="Suite" finished-at="2023-08-29T10:31:26 IST" duration-ms="122">
    <groups>
      <group name="functional">
        <method signature="groups.test1()[pri:0, instance:TestNG2.groups@63fdab07]" name="test1" class="TestNG2.groups"/>
        <method signature="groups.test2()[pri:0, instance:TestNG2.groups@63fdab07]" name="test2" class="TestNG2.groups"/>
      </group> <!-- functional -->
      <group name="regression">
        <method signature="groups.test2()[pri:0, instance:TestNG2.groups@63fdab07]" name="test2" class="TestNG2.groups"/>
      </group> <!-- regression -->
      <group name="sanity">
        <method signature="groups.test1()[pri:0, instance:TestNG2.groups@63fdab07]" name="test1" class="TestNG2.groups"/>
        <method signature="groups.test2()[pri:0, instance:TestNG2.groups@63fdab07]" name="test2" class="TestNG2.groups"/>
      </group> <!-- sanity -->
    </groups>
    <test started-at="2023-08-29T10:31:26 IST" name="Test" finished-at="2023-08-29T10:31:26 IST" duration-ms="122">
      <class name="TestNG2.groups">
        <test-method signature="test1()[pri:0, instance:TestNG2.groups@63fdab07]" started-at="2023-08-29T10:31:26 IST" name="test1" finished-at="2023-08-29T10:31:26 IST" duration-ms="21" status="PASS">
          <reporter-output>
          </reporter-output>
        </test-method> <!-- test1 -->
        <test-method signature="test2()[pri:0, instance:TestNG2.groups@63fdab07]" started-at="2023-08-29T10:31:26 IST" name="test2" finished-at="2023-08-29T10:31:26 IST" duration-ms="3" status="PASS">
          <reporter-output>
          </reporter-output>
        </test-method> <!-- test2 -->
      </class> <!-- TestNG2.groups -->
    </test> <!-- Test -->
  </suite> <!-- Suite -->
</testng-results>
