<?xml version="1.0" encoding="UTF-8"?>
<!-- Generated by org.testng.reporters.JUnitXMLReporter -->
<testsuite ignored="1" hostname="DESKTOP-AIN97HJ" failures="0" tests="2" name="Test" time="0.122" errors="0" timestamp="2023-08-29T10:31:26 IST">
  <testcase classname="TestNG2.groups" name="test1" time="0.021"/>
  <testcase classname="TestNG2.groups" name="test2" time="0.003"/>
  <testcase classname="TestNG2.groups" name="test3" time="0.0">
    <ignored/>
  </testcase> <!-- test3 -->
</testsuite> <!-- Test -->
